This is pdfTeX, Version 3.1415926-2.5-1.40.14 (MiKTeX 2.9 64-bit) (preloaded format=pdflatex 2014.12.8)  5 JAN 2015 17:03
entering extended mode
**pve_manuscript.tex
(C:\Users\90919620\github_repos\pve_manuscript\manuscript\pve_manuscript.tex
LaTeX2e <2011/06/27>
Babel <v3.8m> and hyphenation patterns for english, afrikaans, ancientgreek, ar
abic, armenian, assamese, basque, bengali, bokmal, bulgarian, catalan, coptic, 
croatian, czech, danish, dutch, esperanto, estonian, farsi, finnish, french, ga
lician, german, german-x-2013-05-26, greek, gujarati, hindi, hungarian, iceland
ic, indonesian, interlingua, irish, italian, kannada, kurmanji, latin, latvian,
 lithuanian, malayalam, marathi, mongolian, mongolianlmc, monogreek, ngerman, n
german-x-2013-05-26, nynorsk, oriya, panjabi, pinyin, polish, portuguese, roman
ian, russian, sanskrit, serbian, slovak, slovenian, spanish, swedish, swissgerm
an, tamil, telugu, turkish, turkmen, ukenglish, ukrainian, uppersorbian, usengl
ishmax, welsh, loaded.
("C:\Program Files\MiKTeX 2.9\tex\latex\base\article.cls"
Document Class: article 2007/10/19 v1.4h Standard LaTeX document class
("C:\Program Files\MiKTeX 2.9\tex\latex\base\size10.clo"
File: size10.clo 2007/10/19 v1.4h Standard LaTeX file (size option)
)
\c@part=\count79
\c@section=\count80
\c@subsection=\count81
\c@subsubsection=\count82
\c@paragraph=\count83
\c@subparagraph=\count84
\c@figure=\count85
\c@table=\count86
\abovecaptionskip=\skip41
\belowcaptionskip=\skip42
\bibindent=\dimen102
)
("C:\Program Files\MiKTeX 2.9\tex\latex\graphics\graphicx.sty"
Package: graphicx 1999/02/16 v1.0f Enhanced LaTeX Graphics (DPC,SPQR)

("C:\Program Files\MiKTeX 2.9\tex\latex\graphics\keyval.sty"
Package: keyval 1999/03/16 v1.13 key=value parser (DPC)
\KV@toks@=\toks14
)
("C:\Program Files\MiKTeX 2.9\tex\latex\graphics\graphics.sty"
Package: graphics 2009/02/05 v1.0o Standard LaTeX Graphics (DPC,SPQR)

("C:\Program Files\MiKTeX 2.9\tex\latex\graphics\trig.sty"
Package: trig 1999/03/16 v1.09 sin cos tan (DPC)
)
("C:\Program Files\MiKTeX 2.9\tex\latex\00miktex\graphics.cfg"
File: graphics.cfg 2007/01/18 v1.5 graphics configuration of teTeX/TeXLive
)
Package graphics Info: Driver file: pdftex.def on input line 91.

("C:\Program Files\MiKTeX 2.9\tex\latex\pdftex-def\pdftex.def"
File: pdftex.def 2011/05/27 v0.06d Graphics/color for pdfTeX

("C:\Program Files\MiKTeX 2.9\tex\generic\oberdiek\infwarerr.sty"
Package: infwarerr 2010/04/08 v1.3 Providing info/warning/error messages (HO)
)
("C:\Program Files\MiKTeX 2.9\tex\generic\oberdiek\ltxcmds.sty"
Package: ltxcmds 2011/11/09 v1.22 LaTeX kernel commands for general use (HO)
)
\Gread@gobject=\count87
))
\Gin@req@height=\dimen103
\Gin@req@width=\dimen104
)
("C:\Program Files\MiKTeX 2.9\tex\latex\graphics\color.sty"
Package: color 2005/11/14 v1.0j Standard LaTeX Color (DPC)

("C:\Program Files\MiKTeX 2.9\tex\latex\00miktex\color.cfg"
File: color.cfg 2007/01/18 v1.5 color configuration of teTeX/TeXLive
)
Package color Info: Driver file: pdftex.def on input line 130.
)
(C:\Users\90919620\AppData\Roaming\MiKTeX\2.9\tex\latex\framed\framed.sty
Package: framed 2011/10/22 v 0.96: framed or shaded text with page breaks
\OuterFrameSep=\skip43
\fb@frw=\dimen105
\fb@frh=\dimen106
\FrameRule=\dimen107
\FrameSep=\dimen108
)
("C:\Program Files\MiKTeX 2.9\tex\latex\base\alltt.sty"
Package: alltt 1997/06/16 v2.0g defines alltt environment
)
("C:\Program Files\MiKTeX 2.9\tex\latex\amsfonts\amssymb.sty"
Package: amssymb 2013/01/14 v3.01 AMS font symbols

("C:\Program Files\MiKTeX 2.9\tex\latex\amsfonts\amsfonts.sty"
Package: amsfonts 2013/01/14 v3.01 Basic AMSFonts support
\@emptytoks=\toks15
\symAMSa=\mathgroup4
\symAMSb=\mathgroup5
LaTeX Font Info:    Overwriting math alphabet `\mathfrak' in version `bold'
(Font)                  U/euf/m/n --> U/euf/b/n on input line 106.
))
("C:\Program Files\MiKTeX 2.9\tex\latex\amsmath\amsmath.sty"
Package: amsmath 2013/01/14 v2.14 AMS math features
\@mathmargin=\skip44

For additional information on amsmath, use the `?' option.
("C:\Program Files\MiKTeX 2.9\tex\latex\amsmath\amstext.sty"
Package: amstext 2000/06/29 v2.01

("C:\Program Files\MiKTeX 2.9\tex\latex\amsmath\amsgen.sty"
File: amsgen.sty 1999/11/30 v2.0
\@emptytoks=\toks16
\ex@=\dimen109
))
("C:\Program Files\MiKTeX 2.9\tex\latex\amsmath\amsbsy.sty"
Package: amsbsy 1999/11/29 v1.2d
\pmbraise@=\dimen110
)
("C:\Program Files\MiKTeX 2.9\tex\latex\amsmath\amsopn.sty"
Package: amsopn 1999/12/14 v2.01 operator names
)
\inf@bad=\count88
LaTeX Info: Redefining \frac on input line 210.
\uproot@=\count89
\leftroot@=\count90
LaTeX Info: Redefining \overline on input line 306.
\classnum@=\count91
\DOTSCASE@=\count92
LaTeX Info: Redefining \ldots on input line 378.
LaTeX Info: Redefining \dots on input line 381.
LaTeX Info: Redefining \cdots on input line 466.
\Mathstrutbox@=\box26
\strutbox@=\box27
\big@size=\dimen111
LaTeX Font Info:    Redeclaring font encoding OML on input line 566.
LaTeX Font Info:    Redeclaring font encoding OMS on input line 567.
\macc@depth=\count93
\c@MaxMatrixCols=\count94
\dotsspace@=\muskip10
\c@parentequation=\count95
\dspbrk@lvl=\count96
\tag@help=\toks17
\row@=\count97
\column@=\count98
\maxfields@=\count99
\andhelp@=\toks18
\eqnshift@=\dimen112
\alignsep@=\dimen113
\tagshift@=\dimen114
\tagwidth@=\dimen115
\totwidth@=\dimen116
\lineht@=\dimen117
\@envbody=\toks19
\multlinegap=\skip45
\multlinetaggap=\skip46
\mathdisplay@stack=\toks20
LaTeX Info: Redefining \[ on input line 2665.
LaTeX Info: Redefining \] on input line 2666.
)
("C:\Program Files\MiKTeX 2.9\tex\latex\ltxmisc\parskip.sty"
Package: parskip 2001/04/09 non-zero parskip adjustments
)
(C:\Users\90919620\AppData\Roaming\MiKTeX\2.9\tex\latex\opensans\opensans.sty
Package: opensans 2011/11/11 Opensans

(C:\Users\90919620\AppData\Roaming\MiKTeX\2.9\tex\latex\slantsc\slantsc.sty
Package: slantsc 2012/01/01 v2.11 Provide Slanted an Italic Small Caps

("C:\Program Files\MiKTeX 2.9\tex\latex\base\ifthen.sty"
Package: ifthen 2001/05/26 v1.1c Standard LaTeX ifthen package (DPC)
)
LaTeX Info: Redefining \upshape on input line 35.
LaTeX Info: Redefining \slshape on input line 45.
LaTeX Info: Redefining \itshape on input line 55.
LaTeX Info: Redefining \scshape on input line 65.
))
(C:\Users\90919620\AppData\Roaming\MiKTeX\2.9\tex\latex\preprint\authblk.sty
Package: authblk 2001/02/27 1.3 (PWD)
\affilsep=\skip47
\@affilsep=\skip48
\c@Maxaffil=\count100
\c@authors=\count101
\c@affil=\count102
)
(C:\Users\90919620\AppData\Roaming\MiKTeX\2.9\tex\latex\natbib\natbib.sty
Package: natbib 2010/09/13 8.31b (PWD, AO)
\bibhang=\skip49
\bibsep=\skip50
LaTeX Info: Redefining \cite on input line 694.
\c@NAT@ctr=\count103
)
(C:\Users\90919620\AppData\Roaming\MiKTeX\2.9\tex\latex\was\gensymb.sty
Package: gensymb 2003/07/02 v1.0 (WaS)
)
(C:\Users\90919620\AppData\Roaming\MiKTeX\2.9\tex\latex\lineno\lineno.sty
Package: lineno 2005/11/02 line numbers on paragraphs v4.41
\linenopenalty=\count104
\output=\toks21
\linenoprevgraf=\count105
\linenumbersep=\dimen118
\linenumberwidth=\dimen119
\c@linenumber=\count106
\c@pagewiselinenumber=\count107
\c@LN@truepage=\count108
\c@internallinenumber=\count109
\c@internallinenumbers=\count110
\quotelinenumbersep=\dimen120
\bframerule=\dimen121
\bframesep=\dimen122
\bframebox=\box28
LaTeX Info: Redefining \\ on input line 3056.
)
("C:\Program Files\MiKTeX 2.9\tex\latex\geometry\geometry.sty"
Package: geometry 2010/09/12 v5.6 Page Geometry

("C:\Program Files\MiKTeX 2.9\tex\generic\oberdiek\ifpdf.sty"
Package: ifpdf 2011/01/30 v2.3 Provides the ifpdf switch (HO)
Package ifpdf Info: pdfTeX in PDF mode is detected.
)
("C:\Program Files\MiKTeX 2.9\tex\generic\oberdiek\ifvtex.sty"
Package: ifvtex 2010/03/01 v1.5 Detect VTeX and its facilities (HO)
Package ifvtex Info: VTeX not detected.
)
("C:\Program Files\MiKTeX 2.9\tex\generic\ifxetex\ifxetex.sty"
Package: ifxetex 2010/09/12 v0.6 Provides ifxetex conditional
)
\Gm@cnth=\count111
\Gm@cntv=\count112
\c@Gm@tempcnt=\count113
\Gm@bindingoffset=\dimen123
\Gm@wd@mp=\dimen124
\Gm@odd@mp=\dimen125
\Gm@even@mp=\dimen126
\Gm@layoutwidth=\dimen127
\Gm@layoutheight=\dimen128
\Gm@layouthoffset=\dimen129
\Gm@layoutvoffset=\dimen130
\Gm@dimlist=\toks22

("C:\Program Files\MiKTeX 2.9\tex\latex\geometry\geometry.cfg"))
("C:\Program Files\MiKTeX 2.9\tex\latex\base\fixltx2e.sty"
Package: fixltx2e 2006/09/13 v1.1m fixes to LaTeX
LaTeX Info: Redefining \em on input line 420.
LaTeX Info: The control sequence `\[' is already robust on input line 471.
LaTeX Info: The control sequence `\]' is already robust on input line 472.
)
(C:\Users\90919620\AppData\Roaming\MiKTeX\2.9\tex\latex\rotating\rotating.sty
Package: rotating 2009/03/28 v2.16a rotated objects in LaTeX
\c@r@tfl@t=\count114
\rotFPtop=\skip51
\rotFPbot=\skip52
\rot@float@box=\box29
\rot@mess@toks=\toks23
)
(C:\Users\90919620\AppData\Roaming\MiKTeX\2.9\tex\latex\textgreek\textgreek.sty
Package: textgreek 2011/10/09 v0.7 Greek symbols in text
Package textgreek Info: Loading the definitions for the Greek fontencoding. on 
input line 39.

(C:\Users\90919620\AppData\Roaming\MiKTeX\2.9\tex\latex\greek-fontenc\lgrenc.de
f
File: lgrenc.def 2013/07/16 v0.9 LGR Greek font encoding definitions

(C:\Users\90919620\AppData\Roaming\MiKTeX\2.9\tex\latex\greek-fontenc\greek-fon
tenc.def
File: greek-fontenc.def 2013/11/28 v0.11 Common Greek font encoding definitions

))
Package textgreek Info: Loaded fontmap: {eur/*/*}{U/eur/*/*} {phv/*/*}{U/psy/*/
*}. on input line 69.
)
(C:\Users\90919620\AppData\Roaming\MiKTeX\2.9\tex\latex\upquote\upquote.sty
Package: upquote 2012/04/19 v1.3 upright-quote and grave-accent glyphs in verba
tim
)
(C:\Users\90919620\github_repos\pve_manuscript\manuscript\pve_manuscript.aux)
LaTeX Font Info:    Checking defaults for OML/cmm/m/it on input line 102.
LaTeX Font Info:    ... okay on input line 102.
LaTeX Font Info:    Checking defaults for T1/cmr/m/n on input line 102.
LaTeX Font Info:    ... okay on input line 102.
LaTeX Font Info:    Checking defaults for OT1/cmr/m/n on input line 102.
LaTeX Font Info:    ... okay on input line 102.
LaTeX Font Info:    Checking defaults for OMS/cmsy/m/n on input line 102.
LaTeX Font Info:    ... okay on input line 102.
LaTeX Font Info:    Checking defaults for OMX/cmex/m/n on input line 102.
LaTeX Font Info:    ... okay on input line 102.
LaTeX Font Info:    Checking defaults for U/cmr/m/n on input line 102.
LaTeX Font Info:    ... okay on input line 102.
LaTeX Font Info:    Checking defaults for LGR/cmr/m/n on input line 102.
LaTeX Font Info:    Try loading font information for LGR+cmr on input line 102.


(C:\Users\90919620\AppData\Roaming\MiKTeX\2.9\tex\latex\cbfonts-fd\lgrcmr.fd
File: lgrcmr.fd 2013/09/01 v1.0 Greek European Computer Regular
)
LaTeX Font Info:    ... okay on input line 102.
LaTeX Font Info:    Try loading font information for OT1+fosj on input line 102
.

(C:\Users\90919620\AppData\Roaming\MiKTeX\2.9\tex\latex\opensans\ot1fosj.fd
File: ot1fosj.fd 2011/11/11 Fontinst v1.927 font definitions for OT1/fosj.
)
LaTeX Font Info:    Font shape `OT1/fosj/m/n' will be
(Font)              scaled to size 9.49997pt on input line 102.

(C:\Users\90919620\AppData\Roaming\MiKTeX\2.9\tex\context\base\supp-pdf.mkii
[Loading MPS to PDF converter (version 2006.09.02).]
\scratchcounter=\count115
\scratchdimen=\dimen131
\scratchbox=\box30
\nofMPsegments=\count116
\nofMParguments=\count117
\everyMPshowfont=\toks24
\MPscratchCnt=\count118
\MPscratchDim=\dimen132
\MPnumerator=\count119
\makeMPintoPDFobject=\count120
\everyMPtoPDFconversion=\toks25
)
LaTeX Info: Redefining \celsius on input line 102.
Package gensymb Info: Faking symbols for \degree and \celsius on input line 102
.


Package gensymb Warning: Not defining \perthousand.

LaTeX Info: Redefining \ohm on input line 102.
Package gensymb Info: Using \Omega for \ohm on input line 102.

Package gensymb Warning: Not defining \micro.

*geometry* driver: auto-detecting
*geometry* detected driver: pdftex
*geometry* verbose mode - [ preamble ] result:
* driver: pdftex
* paper: a4paper
* layout: <same size as paper>
* layoutoffset:(h,v)=(0.0pt,0.0pt)
* modes: 
* h-part:(L,W,R)=(85.35826pt, 426.79135pt, 85.35826pt)
* v-part:(T,H,B)=(85.35826pt, 674.33032pt, 85.35826pt)
* \paperwidth=597.50787pt
* \paperheight=845.04684pt
* \textwidth=426.79135pt
* \textheight=674.33032pt
* \oddsidemargin=13.08827pt
* \evensidemargin=13.08827pt
* \topmargin=-23.91173pt
* \headheight=12.0pt
* \headsep=25.0pt
* \topskip=10.0pt
* \footskip=30.0pt
* \marginparwidth=57.0pt
* \marginparsep=11.0pt
* \columnsep=10.0pt
* \skip\footins=9.0pt plus 4.0pt minus 2.0pt
* \hoffset=0.0pt
* \voffset=0.0pt
* \mag=1000
* \@twocolumnfalse
* \@twosidefalse
* \@mparswitchfalse
* \@reversemarginfalse
* (1in=72.27pt=25.4mm, 1cm=28.453pt)

LaTeX Font Info:    Font shape `OT1/fosj/m/n' will be
(Font)              scaled to size 16.41594pt on input line 116.
LaTeX Font Info:    Font shape `OT1/fosj/m/n' will be
(Font)              scaled to size 11.39996pt on input line 116.
LaTeX Font Info:    Try loading font information for U+msa on input line 116.
("C:\Program Files\MiKTeX 2.9\tex\latex\amsfonts\umsa.fd"
File: umsa.fd 2013/01/14 v3.01 AMS symbols A
)
LaTeX Font Info:    Try loading font information for U+msb on input line 116.

("C:\Program Files\MiKTeX 2.9\tex\latex\amsfonts\umsb.fd"
File: umsb.fd 2013/01/14 v3.01 AMS symbols B
)
LaTeX Font Info:    Font shape `OT1/fosj/m/n' will be
(Font)              scaled to size 7.59998pt on input line 116.
LaTeX Font Info:    Font shape `OT1/fosj/m/n' will be
(Font)              scaled to size 13.67995pt on input line 125.
LaTeX Font Info:    Font shape `OT1/fosj/bx/n' in size <14.4> not available
(Font)              Font shape `OT1/fosj/b/n' tried instead on input line 125.
LaTeX Font Info:    Font shape `OT1/fosj/b/n' will be
(Font)              scaled to size 13.67995pt on input line 125.
Missing character: There is no â in font OpenSans-Regular-OSFigures-ot1!
Missing character: There is no € in font OpenSans-Regular-OSFigures-ot1!
Missing character: There is no ˜ in font OpenSans-Regular-OSFigures-ot1!
Missing character: There is no â in font OpenSans-Regular-OSFigures-ot1!
Missing character: There is no € in font OpenSans-Regular-OSFigures-ot1!
Missing character: There is no ™ in font OpenSans-Regular-OSFigures-ot1!
LaTeX Font Info:    Font shape `OT1/fosj/m/it' will be
(Font)              scaled to size 9.49997pt on input line 127.
LaTeX Font Info:    Font shape `OT1/fosj/bx/n' in size <12> not available
(Font)              Font shape `OT1/fosj/b/n' tried instead on input line 138.
LaTeX Font Info:    Font shape `OT1/fosj/b/n' will be
(Font)              scaled to size 11.39996pt on input line 138.
LaTeX Font Info:    Font shape `OT1/fosj/bx/it' in size <12> not available
(Font)              Font shape `OT1/fosj/b/it' tried instead on input line 138.

LaTeX Font Info:    Font shape `OT1/fosj/b/it' will be
(Font)              scaled to size 11.39996pt on input line 138.
LaTeX Font Info:    Font shape `OT1/fosj/m/n' will be
(Font)              scaled to size 6.64998pt on input line 140.
 [1

{C:/Users/90919620/AppData/Local/MiKTeX/2.9/pdftex/config/pdftex.map}]
Missing character: There is no â in font OpenSans-Regular-OSFigures-ot1!
Missing character: There is no € in font OpenSans-Regular-OSFigures-ot1!
Missing character: There is no ˜ in font OpenSans-Regular-OSFigures-ot1!
Missing character: There is no â in font OpenSans-Regular-OSFigures-ot1!
Missing character: There is no € in font OpenSans-Regular-OSFigures-ot1!
Missing character: There is no ™ in font OpenSans-Regular-OSFigures-ot1!
Missing character: There is no â in font OpenSans-Regular-OSFigures-ot1!
Missing character: There is no € in font OpenSans-Regular-OSFigures-ot1!
Missing character: There is no ˜ in font OpenSans-Regular-OSFigures-ot1!
Missing character: There is no â in font OpenSans-Regular-OSFigures-ot1!
Missing character: There is no € in font OpenSans-Regular-OSFigures-ot1!
Missing character: There is no ™ in font OpenSans-Regular-OSFigures-ot1!
LaTeX Font Info:    Try loading font information for OML+fosj on input line 149
.
LaTeX Font Info:    No file OMLfosj.fd. on input line 149.


LaTeX Font Warning: Font shape `OML/fosj/m/n' undefined
(Font)              using `OML/cmm/m/it' instead
(Font)              for symbol `textless' on input line 149.

Missing character: There is no â in font OpenSans-Regular-OSFigures-ot1!
Missing character: There is no € in font OpenSans-Regular-OSFigures-ot1!
Missing character: There is no ˜ in font OpenSans-Regular-OSFigures-ot1!
Missing character: There is no â in font OpenSans-Regular-OSFigures-ot1!
Missing character: There is no € in font OpenSans-Regular-OSFigures-ot1!
Missing character: There is no ™ in font OpenSans-Regular-OSFigures-ot1!
[2]
LaTeX Font Info:    Try loading font information for LGR+fosj on input line 152
.
 (C:\Users\90919620\AppData\Roaming\MiKTeX\2.9\tex\latex\opensans\lgrfosj.fd
File: lgrfosj.fd 2011/11/11 Fontinst v1.927 font definitions for LGR/fosj.
)
LaTeX Font Info:    Font shape `LGR/fosj/m/n' will be
(Font)              scaled to size 9.49997pt on input line 152.
 [3]
Missing character: There is no â in font OpenSans-Regular-OSFigures-ot1!
Missing character: There is no € in font OpenSans-Regular-OSFigures-ot1!
Missing character: There is no ™ in font OpenSans-Regular-OSFigures-ot1!
 [4]
Missing character: There is no â in font OpenSans-Regular-OSFigures-ot1!
Missing character: There is no € in font OpenSans-Regular-OSFigures-ot1!
Missing character: There is no ™ in font OpenSans-Regular-OSFigures-ot1!
Missing character: There is no â in font OpenSans-Regular-OSFigures-ot1!
Missing character: There is no € in font OpenSans-Regular-OSFigures-ot1!
Missing character: There is no ˜ in font OpenSans-Regular-OSFigures-ot1!
Missing character: There is no â in font OpenSans-Regular-OSFigures-ot1!
Missing character: There is no € in font OpenSans-Regular-OSFigures-ot1!
Missing character: There is no ™ in font OpenSans-Regular-OSFigures-ot1!
Missing character: There is no â in font OpenSans-Regular-OSFigures-ot1!
Missing character: There is no € in font OpenSans-Regular-OSFigures-ot1!
Missing character: There is no ˜ in font OpenSans-Regular-OSFigures-ot1!
Missing character: There is no â in font OpenSans-Regular-OSFigures-ot1!
Missing character: There is no € in font OpenSans-Regular-OSFigures-ot1!
Missing character: There is no ™ in font OpenSans-Regular-OSFigures-ot1!
Missing character: There is no â in font OpenSans-Regular-OSFigures-ot1!
Missing character: There is no € in font OpenSans-Regular-OSFigures-ot1!
Missing character: There is no ˜ in font OpenSans-Regular-OSFigures-ot1!
Missing character: There is no â in font OpenSans-Regular-OSFigures-ot1!
Missing character: There is no € in font OpenSans-Regular-OSFigures-ot1!
Missing character: There is no ™ in font OpenSans-Regular-OSFigures-ot1!
 [5] [6] [7] [8] [9]
<./figures/airvars.pdf, id=42, 505.89pt x 504.88625pt>
File: ./figures/airvars.pdf Graphic file (type pdf)

<use ./figures/airvars.pdf>
Package pdftex.def Info: ./figures/airvars.pdf used on input line 258.
(pdftex.def)             Requested size: 422.52577pt x 421.6979pt.

<./figures/allometry.pdf, id=43, 483.8075pt x 690.58pt>
File: ./figures/allometry.pdf Graphic file (type pdf)

<use ./figures/allometry.pdf>
Package pdftex.def Info: ./figures/allometry.pdf used on input line 266.
(pdftex.def)             Requested size: 422.52577pt x 603.12851pt.


LaTeX Warning: `!h' float specifier changed to `!ht'.

<./figures/Asat.pdf, id=44, 505.89pt x 360.34625pt>
File: ./figures/Asat.pdf Graphic file (type pdf)
 <use ./figures/Asat.pdf>
Package pdftex.def Info: ./figures/Asat.pdf used on input line 274.
(pdftex.def)             Requested size: 422.52577pt x 300.97327pt.


LaTeX Warning: `!h' float specifier changed to `!ht'.

<./figures/massfractions.pdf, id=45, 1011.78pt x 504.88625pt>
File: ./figures/massfractions.pdf Graphic file (type pdf)

<use ./figures/massfractions.pdf>
Package pdftex.def Info: ./figures/massfractions.pdf used on input line 282.
(pdftex.def)             Requested size: 422.52577pt x 210.84895pt.


LaTeX Warning: `!h' float specifier changed to `!ht'.

<./figures/A_leafchem.pdf, id=46, 722.7pt x 505.89pt>
File: ./figures/A_leafchem.pdf Graphic file (type pdf)

<use ./figures/A_leafchem.pdf>
Package pdftex.def Info: ./figures/A_leafchem.pdf used on input line 290.
(pdftex.def)             Requested size: 422.52577pt x 295.77077pt.


LaTeX Warning: `!h' float specifier changed to `!ht'.

<./figures/gC_day.pdf, id=47, 505.89pt x 578.16pt>
File: ./figures/gC_day.pdf Graphic file (type pdf)
 <use ./figures/gC_day.pdf>
Package pdftex.def Info: ./figures/gC_day.pdf used on input line 298.
(pdftex.def)             Requested size: 422.52577pt x 482.89862pt.
Missing character: There is no â in font OpenSans-Regular-OSFigures-ot1!
Missing character: There is no € in font OpenSans-Regular-OSFigures-ot1!
Missing character: There is no ˜ in font OpenSans-Regular-OSFigures-ot1!
Missing character: There is no â in font OpenSans-Regular-OSFigures-ot1!
Missing character: There is no € in font OpenSans-Regular-OSFigures-ot1!
Missing character: There is no ™ in font OpenSans-Regular-OSFigures-ot1!
Missing character: There is no â in font OpenSans-Regular-OSFigures-ot1!
Missing character: There is no € in font OpenSans-Regular-OSFigures-ot1!
Missing character: There is no ˜ in font OpenSans-Regular-OSFigures-ot1!
Missing character: There is no â in font OpenSans-Regular-OSFigures-ot1!
Missing character: There is no € in font OpenSans-Regular-OSFigures-ot1!
Missing character: There is no ™ in font OpenSans-Regular-OSFigures-ot1!


LaTeX Warning: `!h' float specifier changed to `!ht'.

[10

 <C:/Users/90919620/github_repos/pve_manuscript/manuscript/figures/airvars.pdf>
]

LaTeX Warning: Text page 11 contains only floats.

[11 <C:/Users/90919620/github_repos/pve_manuscript/manuscript/figures/allometry
.pdf>] [12 <C:/Users/90919620/github_repos/pve_manuscript/manuscript/figures/As
at.pdf> <C:/Users/90919620/github_repos/pve_manuscript/manuscript/figures/massf
ractions.pdf>] [13 <C:/Users/90919620/github_repos/pve_manuscript/manuscript/fi
gures/A_leafchem.pdf>] [14 <C:/Users/90919620/github_repos/pve_manuscript/manus
cript/figures/gC_day.pdf>]
<./figures/gc_Day_scenario.pdf, id=114, 483.8075pt x 690.58pt>
File: ./figures/gc_Day_scenario.pdf Graphic file (type pdf)

<use ./figures/gc_Day_scenario.pdf>
Package pdftex.def Info: ./figures/gc_Day_scenario.pdf used on input line 314.
(pdftex.def)             Requested size: 422.52577pt x 603.12851pt.


LaTeX Warning: `!h' float specifier changed to `!ht'.

[15

] [16 <C:/Users/90919620/github_repos/pve_manuscript/manuscript/figures/gc_Day_
scenario.pdf>]
(C:\Users\90919620\github_repos\pve_manuscript\manuscript\pve_manuscript.bbl
[17

]
LaTeX Font Info:    Try loading font information for OMS+fosj on input line 159
.
LaTeX Font Info:    No file OMSfosj.fd. on input line 159.


LaTeX Font Warning: Font shape `OMS/fosj/m/it' undefined
(Font)              using `OMS/cmsy/m/n' instead
(Font)              for symbol `textbraceleft' on input line 159.

) [18]
(C:\Users\90919620\github_repos\pve_manuscript\manuscript\pve_manuscript.aux)

LaTeX Font Warning: Some font shapes were not available, defaults substituted.

 ) 
Here is how much of TeX's memory you used:
 4659 strings out of 493921
 70226 string characters out of 3147273
 119631 words of memory out of 3000000
 7818 multiletter control sequences out of 15000+200000
 33451 words of font info for 85 fonts, out of 3000000 for 9000
 841 hyphenation exceptions out of 8191
 27i,14n,26p,3091b,318s stack positions out of 5000i,500n,10000p,200000b,50000s
{C:/Users/90919620/AppData/Roaming/MiKTeX/2.9/fonts/enc/dvips/opensans/opensa
ns-04.enc}{C:/Users/90919620/AppData/Roaming/MiKTeX/2.9/fonts/enc/dvips/opensan
s/opensans-02.enc}{C:/Users/90919620/AppData/Roaming/MiKTeX/2.9/fonts/enc/dvips
/opensans/opensans-01.enc}{C:/Users/90919620/AppData/Roaming/MiKTeX/2.9/fonts/e
nc/dvips/opensans/opensans-03.enc}<C:/Users/90919620/AppData/Roaming/MiKTeX/2.9
/fonts/type1/public/opensans/OpenSans-Bold.pfb><C:/Users/90919620/AppData/Roami
ng/MiKTeX/2.9/fonts/type1/public/opensans/OpenSans-BoldItalic.pfb><C:/Users/909
19620/AppData/Roaming/MiKTeX/2.9/fonts/type1/public/opensans/OpenSans-Italic.pf
b><C:/Users/90919620/AppData/Roaming/MiKTeX/2.9/fonts/type1/public/opensans/Ope
nSans-Regular.pfb><C:/Program Files/MiKTeX 2.9/fonts/type1/public/amsfonts/cm/c
mmi10.pfb><C:/Program Files/MiKTeX 2.9/fonts/type1/public/amsfonts/cm/cmr10.pfb
><C:/Program Files/MiKTeX 2.9/fonts/type1/public/amsfonts/cm/cmsy10.pfb><C:/Pro
gram Files/MiKTeX 2.9/fonts/type1/public/amsfonts/cm/cmsy7.pfb><C:/Program File
s/MiKTeX 2.9/fonts/type1/public/amsfonts/cm/cmtt10.pfb>
Output written on pve_manuscript.pdf (18 pages, 278890 bytes).
PDF statistics:
 178 PDF objects out of 1000 (max. 8388607)
 0 named destinations out of 1000 (max. 500000)
 36 words of extra memory for PDF output out of 10000 (max. 10000000)

